<?xml version="1.0" encoding="UTF-8"?>
<testsuite name="com.homebusiness.prototype.restapi.restapi.RestapiApplicationTests" tests="1" skipped="0" failures="0" errors="0" timestamp="2018-12-07T18:56:05" hostname="note-self" time="0.833">
  <properties/>
  <testcase name="contextLoads" classname="com.homebusiness.prototype.restapi.restapi.RestapiApplicationTests" time="0.833"/>
  <system-out><![CDATA[16:55:51.732 [Test worker] DEBUG org.springframework.test.context.junit4.SpringJUnit4ClassRunner - SpringJUnit4ClassRunner constructor called with [class com.homebusiness.prototype.restapi.restapi.RestapiApplicationTests]
16:55:51.758 [Test worker] DEBUG org.springframework.test.context.BootstrapUtils - Instantiating CacheAwareContextLoaderDelegate from class [org.springframework.test.context.cache.DefaultCacheAwareContextLoaderDelegate]
16:55:51.805 [Test worker] DEBUG org.springframework.test.context.BootstrapUtils - Instantiating BootstrapContext using constructor [public org.springframework.test.context.support.DefaultBootstrapContext(java.lang.Class,org.springframework.test.context.CacheAwareContextLoaderDelegate)]
16:55:51.855 [Test worker] DEBUG org.springframework.test.context.BootstrapUtils - Instantiating TestContextBootstrapper for test class [com.homebusiness.prototype.restapi.restapi.RestapiApplicationTests] from class [org.springframework.boot.test.context.SpringBootTestContextBootstrapper]
16:55:51.927 [Test worker] INFO org.springframework.boot.test.context.SpringBootTestContextBootstrapper - Neither @ContextConfiguration nor @ContextHierarchy found for test class [com.homebusiness.prototype.restapi.restapi.RestapiApplicationTests], using SpringBootContextLoader
16:55:51.940 [Test worker] DEBUG org.springframework.test.context.support.AbstractContextLoader - Did not detect default resource location for test class [com.homebusiness.prototype.restapi.restapi.RestapiApplicationTests]: class path resource [com/homebusiness/prototype/restapi/restapi/RestapiApplicationTests-context.xml] does not exist
16:55:51.942 [Test worker] DEBUG org.springframework.test.context.support.AbstractContextLoader - Did not detect default resource location for test class [com.homebusiness.prototype.restapi.restapi.RestapiApplicationTests]: class path resource [com/homebusiness/prototype/restapi/restapi/RestapiApplicationTestsContext.groovy] does not exist
16:55:51.943 [Test worker] INFO org.springframework.test.context.support.AbstractContextLoader - Could not detect default resource locations for test class [com.homebusiness.prototype.restapi.restapi.RestapiApplicationTests]: no resource found for suffixes {-context.xml, Context.groovy}.
16:55:51.945 [Test worker] INFO org.springframework.test.context.support.AnnotationConfigContextLoaderUtils - Could not detect default configuration classes for test class [com.homebusiness.prototype.restapi.restapi.RestapiApplicationTests]: RestapiApplicationTests does not declare any static, non-private, non-final, nested classes annotated with @Configuration.
16:55:52.106 [Test worker] DEBUG org.springframework.test.context.support.ActiveProfilesUtils - Could not find an 'annotation declaring class' for annotation type [org.springframework.test.context.ActiveProfiles] and class [com.homebusiness.prototype.restapi.restapi.RestapiApplicationTests]
16:55:52.375 [Test worker] DEBUG org.springframework.context.annotation.ClassPathScanningCandidateComponentProvider - Identified candidate component class: file [C:\Users\Igor\Documents\GitHub\RestAPISpringBootMongo\restapi\build\classes\java\main\com\homebusiness\prototype\restapi\RestapiApplication.class]
16:55:52.388 [Test worker] INFO org.springframework.boot.test.context.SpringBootTestContextBootstrapper - Found @SpringBootConfiguration com.homebusiness.prototype.restapi.RestapiApplication for test class com.homebusiness.prototype.restapi.restapi.RestapiApplicationTests
16:55:52.826 [Test worker] DEBUG org.springframework.boot.test.context.SpringBootTestContextBootstrapper - @TestExecutionListeners is not present for class [com.homebusiness.prototype.restapi.restapi.RestapiApplicationTests]: using defaults.
16:55:52.828 [Test worker] INFO org.springframework.boot.test.context.SpringBootTestContextBootstrapper - Loaded default TestExecutionListener class names from location [META-INF/spring.factories]: [org.springframework.boot.test.autoconfigure.restdocs.RestDocsTestExecutionListener, org.springframework.boot.test.autoconfigure.web.client.MockRestServiceServerResetTestExecutionListener, org.springframework.boot.test.autoconfigure.web.servlet.MockMvcPrintOnlyOnFailureTestExecutionListener, org.springframework.boot.test.autoconfigure.web.servlet.WebDriverTestExecutionListener, org.springframework.boot.test.mock.mockito.MockitoTestExecutionListener, org.springframework.boot.test.mock.mockito.ResetMocksTestExecutionListener, org.springframework.test.context.web.ServletTestExecutionListener, org.springframework.test.context.support.DirtiesContextBeforeModesTestExecutionListener, org.springframework.test.context.support.DependencyInjectionTestExecutionListener, org.springframework.test.context.support.DirtiesContextTestExecutionListener, org.springframework.test.context.transaction.TransactionalTestExecutionListener, org.springframework.test.context.jdbc.SqlScriptsTestExecutionListener]
16:55:52.925 [Test worker] INFO org.springframework.boot.test.context.SpringBootTestContextBootstrapper - Using TestExecutionListeners: [org.springframework.test.context.web.ServletTestExecutionListener@3edf35, org.springframework.test.context.support.DirtiesContextBeforeModesTestExecutionListener@117058, org.springframework.boot.test.mock.mockito.MockitoTestExecutionListener@11325e8, org.springframework.boot.test.autoconfigure.SpringBootDependencyInjectionTestExecutionListener@32a679, org.springframework.test.context.support.DirtiesContextTestExecutionListener@67177d, org.springframework.test.context.transaction.TransactionalTestExecutionListener@13f2799, org.springframework.test.context.jdbc.SqlScriptsTestExecutionListener@1157473, org.springframework.boot.test.autoconfigure.restdocs.RestDocsTestExecutionListener@8b13c6, org.springframework.boot.test.autoconfigure.web.client.MockRestServiceServerResetTestExecutionListener@f72b15, org.springframework.boot.test.autoconfigure.web.servlet.MockMvcPrintOnlyOnFailureTestExecutionListener@5ec83d, org.springframework.boot.test.autoconfigure.web.servlet.WebDriverTestExecutionListener@688a9, org.springframework.boot.test.mock.mockito.ResetMocksTestExecutionListener@91b98c]
16:55:52.938 [Test worker] DEBUG org.springframework.test.annotation.ProfileValueUtils - Retrieved @ProfileValueSourceConfiguration [null] for test class [com.homebusiness.prototype.restapi.restapi.RestapiApplicationTests]
16:55:52.940 [Test worker] DEBUG org.springframework.test.annotation.ProfileValueUtils - Retrieved ProfileValueSource type [class org.springframework.test.annotation.SystemProfileValueSource] for class [com.homebusiness.prototype.restapi.restapi.RestapiApplicationTests]
16:55:52.942 [Test worker] DEBUG org.springframework.test.annotation.ProfileValueUtils - Retrieved @ProfileValueSourceConfiguration [null] for test class [com.homebusiness.prototype.restapi.restapi.RestapiApplicationTests]
16:55:52.943 [Test worker] DEBUG org.springframework.test.annotation.ProfileValueUtils - Retrieved ProfileValueSource type [class org.springframework.test.annotation.SystemProfileValueSource] for class [com.homebusiness.prototype.restapi.restapi.RestapiApplicationTests]
16:55:52.959 [Test worker] DEBUG org.springframework.test.context.support.AbstractDirtiesContextTestExecutionListener - Before test class: context [DefaultTestContext@c35b8e testClass = RestapiApplicationTests, testInstance = [null], testMethod = [null], testException = [null], mergedContextConfiguration = [WebMergedContextConfiguration@14f184d testClass = RestapiApplicationTests, locations = '{}', classes = '{class com.homebusiness.prototype.restapi.RestapiApplication}', contextInitializerClasses = '[]', activeProfiles = '{}', propertySourceLocations = '{}', propertySourceProperties = '{org.springframework.boot.test.context.SpringBootTestContextBootstrapper=true}', contextCustomizers = set[org.springframework.boot.test.autoconfigure.properties.PropertyMappingContextCustomizer@0, org.springframework.boot.test.autoconfigure.web.servlet.WebDriverContextCustomizerFactory$Customizer@1324691, org.springframework.boot.test.context.filter.ExcludeFilterContextCustomizer@7259f2, org.springframework.boot.test.json.DuplicateJsonObjectContextCustomizerFactory$DuplicateJsonObjectContextCustomizer@24c4b3, org.springframework.boot.test.mock.mockito.MockitoContextCustomizer@0, org.springframework.boot.test.web.client.TestRestTemplateContextCustomizer@bd3250], resourceBasePath = 'src/main/webapp', contextLoader = 'org.springframework.boot.test.context.SpringBootContextLoader', parent = [null]], attributes = map['org.springframework.test.context.web.ServletTestExecutionListener.activateListener' -> true]], class annotated with @DirtiesContext [false] with mode [null].
16:55:52.961 [Test worker] DEBUG org.springframework.test.annotation.ProfileValueUtils - Retrieved @ProfileValueSourceConfiguration [null] for test class [com.homebusiness.prototype.restapi.restapi.RestapiApplicationTests]
16:55:52.961 [Test worker] DEBUG org.springframework.test.annotation.ProfileValueUtils - Retrieved ProfileValueSource type [class org.springframework.test.annotation.SystemProfileValueSource] for class [com.homebusiness.prototype.restapi.restapi.RestapiApplicationTests]
16:55:53.055 [Test worker] DEBUG org.springframework.test.context.support.TestPropertySourceUtils - Adding inlined properties to environment: {spring.jmx.enabled=false, org.springframework.boot.test.context.SpringBootTestContextBootstrapper=true, server.port=-1}

  .   ____          _            __ _ _
 /\\ / ___'_ __ _ _(_)_ __  __ _ \ \ \ \
( ( )\___ | '_ | '_| | '_ \/ _` | \ \ \ \
 \\/  ___)| |_)| | | | | || (_| |  ) ) ) )
  '  |____| .__|_| |_|_| |_\__, | / / / /
 =========|_|==============|___/=/_/_/_/
 :: Spring Boot ::        (v2.1.0.RELEASE)

2018-12-07 16:55:54.108  WARN 12292 --- [    Test worker] ory$DuplicateJsonObjectContextCustomizer : 

Found multiple occurrences of org.json.JSONObject on the class path:

	jar:file:/C:/Users/Igor/.gradle/caches/modules-2/files-2.1/org.json/json/20171018/36ced462c97f0845b4a7b266a25cebe95d18baa3/json-20171018.jar!/org/json/JSONObject.class
	jar:file:/C:/Users/Igor/.gradle/caches/modules-2/files-2.1/com.vaadin.external.google/android-json/0.0.20131108.vaadin1/fa26d351fe62a6a17f5cda1287c1c6110dec413f/android-json-0.0.20131108.vaadin1.jar!/org/json/JSONObject.class

You may wish to exclude one of them to ensure predictable runtime behavior

2018-12-07 16:55:54.187  INFO 12292 --- [    Test worker] c.h.p.r.restapi.RestapiApplicationTests  : Starting RestapiApplicationTests on note-self with PID 12292 (started by Igor in C:\Users\Igor\Documents\GitHub\RestAPISpringBootMongo\restapi)
2018-12-07 16:55:54.187  INFO 12292 --- [    Test worker] c.h.p.r.restapi.RestapiApplicationTests  : No active profile set, falling back to default profiles: default
2018-12-07 16:55:56.568  INFO 12292 --- [    Test worker] .s.d.r.c.RepositoryConfigurationDelegate : Bootstrapping Spring Data repositories in DEFAULT mode.
2018-12-07 16:55:56.853  INFO 12292 --- [    Test worker] .s.d.r.c.RepositoryConfigurationDelegate : Finished Spring Data repository scanning in 267ms. Found 1 repository interfaces.
2018-12-07 16:55:59.652  INFO 12292 --- [    Test worker] org.mongodb.driver.cluster               : Cluster created with settings {hosts=[localhost:27017], mode=MULTIPLE, requiredClusterType=UNKNOWN, serverSelectionTimeout='30000 ms', maxWaitQueueSize=500}
2018-12-07 16:55:59.652  INFO 12292 --- [    Test worker] org.mongodb.driver.cluster               : Adding discovered server localhost:27017 to client view of cluster
2018-12-07 16:55:59.953  INFO 12292 --- [localhost:27017] org.mongodb.driver.connection            : Opened connection [connectionId{localValue:1, serverValue:45}] to localhost:27017
2018-12-07 16:55:59.970  INFO 12292 --- [localhost:27017] org.mongodb.driver.cluster               : Monitor thread successfully connected to server with description ServerDescription{address=localhost:27017, type=STANDALONE, state=CONNECTED, ok=true, version=ServerVersion{versionList=[4, 0, 4]}, minWireVersion=0, maxWireVersion=7, maxDocumentSize=16777216, logicalSessionTimeoutMinutes=30, roundTripTimeNanos=12161326}
2018-12-07 16:55:59.974  INFO 12292 --- [localhost:27017] org.mongodb.driver.cluster               : Discovered cluster type of STANDALONE
2018-12-07 16:56:03.543  INFO 12292 --- [    Test worker] o.s.s.concurrent.ThreadPoolTaskExecutor  : Initializing ExecutorService 'applicationTaskExecutor'
2018-12-07 16:56:04.924  INFO 12292 --- [    Test worker] c.h.p.r.restapi.RestapiApplicationTests  : Started RestapiApplicationTests in 11.834 seconds (JVM running for 15.319)
]]></system-out>
  <system-err><![CDATA[]]></system-err>
</testsuite>
